<?xml version="1.0" encoding="UTF-8"?>
<testsuite name="com.example.BoardProject.BoardProjectApplicationTests" tests="3" skipped="0" failures="0" errors="0" timestamp="2021-09-09T00:48:40" hostname="DESKTOP-ILGFRL0" time="0.497">
  <properties/>
  <testcase name="testBySqlSessionFactory()" classname="com.example.BoardProject.BoardProjectApplicationTests" time="0.443"/>
  <testcase name="contextLoads()" classname="com.example.BoardProject.BoardProjectApplicationTests" time="0.019"/>
  <testcase name="testByApplicationContext()" classname="com.example.BoardProject.BoardProjectApplicationTests" time="0.03"/>
  <system-out><![CDATA[09:48:37.141 [Test worker] DEBUG org.springframework.test.context.BootstrapUtils - Instantiating CacheAwareContextLoaderDelegate from class [org.springframework.test.context.cache.DefaultCacheAwareContextLoaderDelegate]
09:48:37.157 [Test worker] DEBUG org.springframework.test.context.BootstrapUtils - Instantiating BootstrapContext using constructor [public org.springframework.test.context.support.DefaultBootstrapContext(java.lang.Class,org.springframework.test.context.CacheAwareContextLoaderDelegate)]
09:48:37.219 [Test worker] DEBUG org.springframework.test.context.BootstrapUtils - Instantiating TestContextBootstrapper for test class [com.example.BoardProject.BoardProjectApplicationTests] from class [org.springframework.boot.test.context.SpringBootTestContextBootstrapper]
09:48:37.235 [Test worker] INFO org.springframework.boot.test.context.SpringBootTestContextBootstrapper - Neither @ContextConfiguration nor @ContextHierarchy found for test class [com.example.BoardProject.BoardProjectApplicationTests], using SpringBootContextLoader
09:48:37.235 [Test worker] DEBUG org.springframework.test.context.support.AbstractContextLoader - Did not detect default resource location for test class [com.example.BoardProject.BoardProjectApplicationTests]: class path resource [com/example/BoardProject/BoardProjectApplicationTests-context.xml] does not exist
09:48:37.235 [Test worker] DEBUG org.springframework.test.context.support.AbstractContextLoader - Did not detect default resource location for test class [com.example.BoardProject.BoardProjectApplicationTests]: class path resource [com/example/BoardProject/BoardProjectApplicationTestsContext.groovy] does not exist
09:48:37.235 [Test worker] INFO org.springframework.test.context.support.AbstractContextLoader - Could not detect default resource locations for test class [com.example.BoardProject.BoardProjectApplicationTests]: no resource found for suffixes {-context.xml, Context.groovy}.
09:48:37.235 [Test worker] INFO org.springframework.test.context.support.AnnotationConfigContextLoaderUtils - Could not detect default configuration classes for test class [com.example.BoardProject.BoardProjectApplicationTests]: BoardProjectApplicationTests does not declare any static, non-private, non-final, nested classes annotated with @Configuration.
09:48:37.298 [Test worker] DEBUG org.springframework.test.context.support.ActiveProfilesUtils - Could not find an 'annotation declaring class' for annotation type [org.springframework.test.context.ActiveProfiles] and class [com.example.BoardProject.BoardProjectApplicationTests]
09:48:37.376 [Test worker] DEBUG org.springframework.context.annotation.ClassPathScanningCandidateComponentProvider - Identified candidate component class: file [E:\study\BoardProject\build\classes\java\main\com\example\BoardProject\BoardProjectApplication.class]
09:48:37.376 [Test worker] INFO org.springframework.boot.test.context.SpringBootTestContextBootstrapper - Found @SpringBootConfiguration com.example.BoardProject.BoardProjectApplication for test class com.example.BoardProject.BoardProjectApplicationTests
09:48:37.524 [Test worker] DEBUG org.springframework.boot.test.context.SpringBootTestContextBootstrapper - @TestExecutionListeners is not present for class [com.example.BoardProject.BoardProjectApplicationTests]: using defaults.
09:48:37.525 [Test worker] INFO org.springframework.boot.test.context.SpringBootTestContextBootstrapper - Loaded default TestExecutionListener class names from location [META-INF/spring.factories]: [org.springframework.boot.test.autoconfigure.restdocs.RestDocsTestExecutionListener, org.springframework.boot.test.autoconfigure.web.client.MockRestServiceServerResetTestExecutionListener, org.springframework.boot.test.autoconfigure.web.servlet.MockMvcPrintOnlyOnFailureTestExecutionListener, org.springframework.boot.test.autoconfigure.web.servlet.WebDriverTestExecutionListener, org.springframework.boot.test.autoconfigure.webservices.client.MockWebServiceServerTestExecutionListener, org.springframework.boot.test.mock.mockito.MockitoTestExecutionListener, org.springframework.boot.test.mock.mockito.ResetMocksTestExecutionListener, org.springframework.test.context.web.ServletTestExecutionListener, org.springframework.test.context.support.DirtiesContextBeforeModesTestExecutionListener, org.springframework.test.context.event.ApplicationEventsTestExecutionListener, org.springframework.test.context.support.DependencyInjectionTestExecutionListener, org.springframework.test.context.support.DirtiesContextTestExecutionListener, org.springframework.test.context.transaction.TransactionalTestExecutionListener, org.springframework.test.context.jdbc.SqlScriptsTestExecutionListener, org.springframework.test.context.event.EventPublishingTestExecutionListener]
09:48:37.563 [Test worker] INFO org.springframework.boot.test.context.SpringBootTestContextBootstrapper - Using TestExecutionListeners: [org.springframework.test.context.web.ServletTestExecutionListener@7d1bbdc9, org.springframework.test.context.support.DirtiesContextBeforeModesTestExecutionListener@508c4f20, org.springframework.test.context.event.ApplicationEventsTestExecutionListener@1f764ddf, org.springframework.boot.test.mock.mockito.MockitoTestExecutionListener@6910f187, org.springframework.boot.test.autoconfigure.SpringBootDependencyInjectionTestExecutionListener@49c5fc99, org.springframework.test.context.support.DirtiesContextTestExecutionListener@7b024fce, org.springframework.test.context.transaction.TransactionalTestExecutionListener@56b7edc4, org.springframework.test.context.jdbc.SqlScriptsTestExecutionListener@38c5a25c, org.springframework.test.context.event.EventPublishingTestExecutionListener@5e82b0e9, org.springframework.boot.test.autoconfigure.restdocs.RestDocsTestExecutionListener@3797f8c8, org.springframework.boot.test.autoconfigure.web.client.MockRestServiceServerResetTestExecutionListener@5e27ea33, org.springframework.boot.test.autoconfigure.web.servlet.MockMvcPrintOnlyOnFailureTestExecutionListener@4be574e9, org.springframework.boot.test.autoconfigure.web.servlet.WebDriverTestExecutionListener@ab8084, org.springframework.boot.test.autoconfigure.webservices.client.MockWebServiceServerTestExecutionListener@87269e1, org.springframework.boot.test.mock.mockito.ResetMocksTestExecutionListener@69657cae]
09:48:37.572 [Test worker] DEBUG org.springframework.test.context.support.AbstractDirtiesContextTestExecutionListener - Before test class: context [DefaultTestContext@1ef358f1 testClass = BoardProjectApplicationTests, testInstance = [null], testMethod = [null], testException = [null], mergedContextConfiguration = [WebMergedContextConfiguration@71c2f9a9 testClass = BoardProjectApplicationTests, locations = '{}', classes = '{class com.example.BoardProject.BoardProjectApplication}', contextInitializerClasses = '[]', activeProfiles = '{}', propertySourceLocations = '{}', propertySourceProperties = '{org.springframework.boot.test.context.SpringBootTestContextBootstrapper=true}', contextCustomizers = set[org.springframework.boot.test.autoconfigure.actuate.metrics.MetricsExportContextCustomizerFactory$DisableMetricExportContextCustomizer@14e94a43, org.springframework.boot.test.autoconfigure.properties.PropertyMappingContextCustomizer@0, org.springframework.boot.test.autoconfigure.web.servlet.WebDriverContextCustomizerFactory$Customizer@1176a004, org.springframework.boot.test.context.filter.ExcludeFilterContextCustomizer@6de51a3c, org.springframework.boot.test.json.DuplicateJsonObjectContextCustomizerFactory$DuplicateJsonObjectContextCustomizer@365d21f8, org.springframework.boot.test.mock.mockito.MockitoContextCustomizer@0, org.springframework.boot.test.web.client.TestRestTemplateContextCustomizer@c746610, org.springframework.boot.test.context.SpringBootTestArgs@1, org.springframework.boot.test.context.SpringBootTestWebEnvironment@78c665fc], resourceBasePath = 'src/main/webapp', contextLoader = 'org.springframework.boot.test.context.SpringBootContextLoader', parent = [null]], attributes = map['org.springframework.test.context.web.ServletTestExecutionListener.activateListener' -> true]], class annotated with @DirtiesContext [false] with mode [null].
09:48:37.622 [Test worker] DEBUG org.springframework.test.context.support.TestPropertySourceUtils - Adding inlined properties to environment: {spring.jmx.enabled=false, org.springframework.boot.test.context.SpringBootTestContextBootstrapper=true}

  .   ____          _            __ _ _
 /\\ / ___'_ __ _ _(_)_ __  __ _ \ \ \ \
( ( )\___ | '_ | '_| | '_ \/ _` | \ \ \ \
 \\/  ___)| |_)| | | | | || (_| |  ) ) ) )
  '  |____| .__|_| |_|_| |_\__, | / / / /
 =========|_|==============|___/=/_/_/_/
 :: Spring Boot ::                (v2.5.4)

2021-09-09 09:48:38.016  INFO 17512 --- [    Test worker] c.e.B.BoardProjectApplicationTests       : Starting BoardProjectApplicationTests using Java 11.0.11 on DESKTOP-ILGFRL0 with PID 17512 (started by OEM in E:\study\BoardProject)
2021-09-09 09:48:38.016  INFO 17512 --- [    Test worker] c.e.B.BoardProjectApplicationTests       : No active profile set, falling back to default profiles: default
2021-09-09 09:48:39.234  INFO 17512 --- [    Test worker] com.zaxxer.hikari.HikariDataSource       : HikariPool-1 - Starting...
2021-09-09 09:48:39.453  INFO 17512 --- [    Test worker] com.zaxxer.hikari.HikariDataSource       : HikariPool-1 - Start completed.
2021-09-09 09:48:40.941  INFO 17512 --- [    Test worker] c.e.B.BoardProjectApplicationTests       : Started BoardProjectApplicationTests in 3.32 seconds (JVM running for 5.13)
=========================
org.apache.ibatis.session.defaults.DefaultSqlSessionFactory@74c24c1d
=========================
=========================
org.apache.ibatis.session.defaults.DefaultSqlSessionFactory@74c24c1d
=========================
]]></system-out>
  <system-err><![CDATA[]]></system-err>
</testsuite>
